<?xml version="1.0" encoding="UTF-8"?>
<!-- Generated by org.testng.reporters.JUnitReportReporter -->
<testsuite hostname="LAPTOP-A6C3PBNM" failures="1" tests="2" name="stepDefinitions.ParallelRun" time="13.307" errors="0" timestamp="2022-06-12T21:48:58 EDT" skipped="0">
  <testcase classname="stepDefinitions.ParallelRun" name="runScenario" time="7.088"/>
  <system-out/>
  <testcase classname="stepDefinitions.ParallelRun" name="runScenario" time="6.219">
    <failure message="expected [true] but found [false]" type="java.lang.AssertionError">
      <![CDATA[java.lang.AssertionError: expected [true] but found [false]
at org.testng.Assert.fail(Assert.java:99)
at org.testng.Assert.failNotEquals(Assert.java:1037)
at org.testng.Assert.assertTrue(Assert.java:45)
at org.testng.Assert.assertTrue(Assert.java:55)
at stepDefinitions.LoginStep.page_title_shoud_be(LoginStep.java:43)
at âœ½.Page Title shoud be "My account - My Storeee"(classpath:stepDefinitions/LoginPage.feature:8)
]]>
    </failure>
  </testcase> <!-- runScenario -->
  <system-out/>
</testsuite> <!-- stepDefinitions.ParallelRun -->
