<?xml version="1.0" encoding="UTF-8"?>
<!-- Generated by org.testng.reporters.JUnitReportReporter -->
<testsuite skipped="0" hostname="Ashwinis-Air" name="com.nn.stepdefinition.FailedRun" tests="1" failures="1" timestamp="2022-06-08T12:16:02 PDT" time="28.394" errors="0">
  <testcase name="runScenario" time="28.394" classname="com.nn.stepdefinition.FailedRun">
    <failure type="java.lang.AssertionError" message="expected [true] but found [false]">
      <![CDATA[java.lang.AssertionError: expected [true] but found [false]
at org.testng.Assert.fail(Assert.java:99)
at org.testng.Assert.failNotEquals(Assert.java:1037)
at org.testng.Assert.assertTrue(Assert.java:45)
at org.testng.Assert.assertTrue(Assert.java:55)
at com.nn.stepdefinition.LoginStep.page_title_shoud_be(LoginStep.java:44)
at âœ½.Page Title shoud be "My account - My Storeee"(file:///Users/ashwiniramamurthy/eclipse-workspace/DietitionCumcumber/src/test/resources/feature/LoginPage.feature:8)
]]>
    </failure>
  </testcase> <!-- runScenario -->
  <system-out/>
</testsuite> <!-- com.nn.stepdefinition.FailedRun -->
